2021-05-23 21:10:11,755  - SELECT tagcounter_db.tagcount 
FROM tagcounter_db 
WHERE tagcounter_db.url = ?
2021-05-23 21:10:11,757  - [generated in 0.00084s] ('http://google.com',)
2021-05-23 21:10:13,460  - http://google.com
2021-05-23 21:10:53,566  - SELECT tagcounter_db.tagcount 
FROM tagcounter_db 
WHERE tagcounter_db.url = ?
2021-05-23 21:10:53,566  - [cached since 41.81s ago] ('https://google.com',)
2021-05-23 21:11:05,122  - SELECT tagcounter_db.tagcount 
FROM tagcounter_db 
WHERE tagcounter_db.url = ?
2021-05-23 21:11:05,122  - [cached since 53.37s ago] ('http://google.com',)
2021-05-23 21:11:07,288  - http://google.com
2021-05-23 21:11:49,308  - http://yandex.ru
2021-05-23 21:11:51,791  - SELECT tagcounter_db.site_name, tagcounter_db.url, tagcounter_db.date_time, tagcounter_db.tagcount 
FROM tagcounter_db 
WHERE tagcounter_db.url = ?
2021-05-23 21:11:51,791  - [generated in 0.00043s] ('http://yandex.ru',)
2021-05-23 21:11:51,794  - INSERT INTO tagcounter_db (site_name, url, date_time, tagcount) VALUES (?, ?, ?, ?)
2021-05-23 21:11:51,800  - [generated in 0.00577s] ('yandex', 'http://yandex.ru', datetime.datetime(2021, 5, 23, 21, 11, 51, 793871), b'\x80\x04\x95\x02\x01\x00\x00\x00\x00\x00\x00}\x94(\x8c\x04html\x94K\x02\x8c\x04head\x94K\x02\x8c\x04meta\x94K"\x8c\x05title\x94K\x02\x8c\x04link\x94 ... (351 characters truncated) ... x03nav\x94K\x02\x8c\x04fwap\x94K\x02\x8c\x03fgn\x94K\x04\x8c\x04form\x94K\x02\x8c\x05input\x94K\x06\x8c\x06button\x94K\x04\x8c\x08noscript\x94K\x06u.')
2021-05-23 21:11:51,801  - COMMIT
2021-05-23 21:12:08,642  - SELECT tagcounter_db.tagcount 
FROM tagcounter_db 
WHERE tagcounter_db.url = ?
2021-05-23 21:12:08,643  - [generated in 0.00050s] ('http://yandex.ru',)
2021-05-23 21:12:18,676  - SELECT tagcounter_db.tagcount 
FROM tagcounter_db 
WHERE tagcounter_db.url = ?
2021-05-23 21:12:18,677  - [generated in 0.00048s] ('http://yandex.ru',)
2021-05-23 21:12:27,656  - http://yandex.ru
2021-05-23 21:12:30,493  - SELECT tagcounter_db.site_name, tagcounter_db.url, tagcounter_db.date_time, tagcounter_db.tagcount 
FROM tagcounter_db 
WHERE tagcounter_db.url = ?
2021-05-23 21:12:30,494  - [generated in 0.00043s] ('http://yandex.ru',)
2021-05-23 21:12:30,497  - UPDATE tagcounter_db SET site_name=?, url=?, date_time=?, tagcount=? WHERE tagcounter_db.url = ?
2021-05-23 21:12:30,502  - [generated in 0.00514s] ('yandex', 'http://yandex.ru', datetime.datetime(2021, 5, 23, 21, 12, 30, 496429), b'\x80\x04\x95\xf9\x00\x00\x00\x00\x00\x00\x00}\x94(\x8c\x04html\x94K\x02\x8c\x04head\x94K\x02\x8c\x04meta\x94K"\x8c\x05title\x94K\x02\x8c\x04link\x94 ... (330 characters truncated) ... c\x02td\x94K\x06\x8c\x03nav\x94K\x02\x8c\x03fgn\x94K\x02\x8c\x04form\x94K\x02\x8c\x05input\x94K\x06\x8c\x06button\x94K\x04\x8c\x08noscript\x94K\x06u.', 'http://yandex.ru')
2021-05-23 21:12:30,522  - COMMIT
2021-05-23 22:25:25,157  - http://yandex.ru
2021-05-23 22:25:27,257  - SELECT tagcounter_db.site_name, tagcounter_db.url, tagcounter_db.date_time, tagcounter_db.tagcount 
FROM tagcounter_db 
WHERE tagcounter_db.url = ?
2021-05-23 22:25:27,258  - [generated in 0.00042s] ('http://yandex.ru',)
2021-05-23 22:25:27,261  - UPDATE tagcounter_db SET site_name=?, url=?, date_time=?, tagcount=? WHERE tagcounter_db.url = ?
2021-05-23 22:25:27,261  - [generated in 0.00038s] ('yandex', 'http://yandex.ru', datetime.datetime(2021, 5, 23, 22, 25, 27, 260261), b'\x80\x04\x95\xfa\x00\x00\x00\x00\x00\x00\x00}\x94(\x8c\x04html\x94K\x02\x8c\x04head\x94K\x02\x8c\x04meta\x94K"\x8c\x05title\x94K\x02\x8c\x04link\x94 ... (331 characters truncated) ... \x02td\x94K\x06\x8c\x03nav\x94K\x02\x8c\x04fwap\x94K\x02\x8c\x04form\x94K\x02\x8c\x05input\x94K\x06\x8c\x06button\x94K\x04\x8c\x08noscript\x94K\x06u.', 'http://yandex.ru')
2021-05-23 22:25:27,288  - COMMIT
2021-05-23 22:25:30,834  - SELECT tagcounter_db.tagcount 
FROM tagcounter_db 
WHERE tagcounter_db.url = ?
2021-05-23 22:25:30,835  - [generated in 0.00045s] ('http://yandex.ru',)
2021-05-23 22:25:38,472  - SELECT tagcounter_db.tagcount 
FROM tagcounter_db 
WHERE tagcounter_db.url = ?
2021-05-23 22:25:38,473  - [generated in 0.00063s] ('http://google.com',)
2021-05-23 22:25:39,863  - http://google.com
2021-05-23 23:31:19,009  - SELECT tagcounter_db.tagcount 
FROM tagcounter_db 
WHERE tagcounter_db.url = ?
2021-05-23 23:31:19,010  - [generated in 0.00072s] ('http://google.com',)
2021-05-24 00:16:38,833  - SELECT tagcounter_db.tagcount 
FROM tagcounter_db 
WHERE tagcounter_db.url = ?
2021-05-24 00:16:38,835  - [generated in 0.00062s] ('http://google.com',)
2021-05-24 00:16:41,635  - http://google.com
2021-05-24 00:19:15,348  - http://yandex.ru
2021-05-24 00:19:17,845  - SELECT tagcounter_db.site_name, tagcounter_db.url, tagcounter_db.date_time, tagcounter_db.tagcount 
FROM tagcounter_db 
WHERE tagcounter_db.url = ?
2021-05-24 00:19:17,846  - [generated in 0.00079s] ('http://yandex.ru',)
2021-05-24 00:19:17,850  - UPDATE tagcounter_db SET site_name=?, url=?, date_time=?, tagcount=? WHERE tagcounter_db.url = ?
2021-05-24 00:19:17,856  - [generated in 0.00598s] ('yandex', 'http://yandex.ru', datetime.datetime(2021, 5, 24, 0, 19, 17, 849387), b'\x80\x04\x95\x06\x01\x00\x00\x00\x00\x00\x00}\x94(\x8c\x04html\x94K\x02\x8c\x04head\x94K\x02\x8c\x04meta\x94K"\x8c\x05title\x94K\x02\x8c\x04link\x94 ... (352 characters truncated) ... 4aqwf\x94K\x02\x8c\x05edvrt\x94K\x02\x8c\x04form\x94K\x02\x8c\x05input\x94K\x06\x8c\x06button\x94K\x04\x8c\x03img\x94K\x04\x8c\x08noscript\x94K\x04u.', 'http://yandex.ru')
2021-05-24 00:19:17,859  - COMMIT
2021-05-24 00:19:28,290  - http://mail.ru
2021-05-24 00:19:30,308  - SELECT tagcounter_db.site_name, tagcounter_db.url, tagcounter_db.date_time, tagcounter_db.tagcount 
FROM tagcounter_db 
WHERE tagcounter_db.url = ?
2021-05-24 00:19:30,308  - [generated in 0.00055s] ('http://mail.ru',)
2021-05-24 00:19:30,313  - UPDATE tagcounter_db SET site_name=?, url=?, date_time=?, tagcount=? WHERE tagcounter_db.url = ?
2021-05-24 00:19:30,319  - [generated in 0.00524s] ('mail', 'http://mail.ru', datetime.datetime(2021, 5, 24, 0, 19, 30, 312705), b'\x80\x04\x95\xdf\x00\x00\x00\x00\x00\x00\x00}\x94(\x8c\x04html\x94K\x02\x8c\x04head\x94K\x02\x8c\x04meta\x94KN\x8c\x05title\x94K\x02\x8c\x04link\x94 ... (256 characters truncated) ... \x8c\x02h1\x94K\x02\x8c\x04form\x94K\x04\x8c\x06select\x94K\x02\x8c\x06option\x94K\n\x8c\x05label\x94K\x08\x8c\x05input\x94K\x16\x8c\x02br\x94K\x02u.', 'http://mail.ru')
2021-05-24 00:19:30,342  - COMMIT
2021-05-24 00:19:45,940  - http://onliner.by
2021-05-24 00:19:47,384  - SELECT tagcounter_db.site_name, tagcounter_db.url, tagcounter_db.date_time, tagcounter_db.tagcount 
FROM tagcounter_db 
WHERE tagcounter_db.url = ?
2021-05-24 00:19:47,384  - [generated in 0.00043s] ('http://onliner.by',)
2021-05-24 00:19:47,389  - INSERT INTO tagcounter_db (site_name, url, date_time, tagcount) VALUES (?, ?, ?, ?)
2021-05-24 00:19:47,394  - [generated in 0.00505s] ('onliner', 'http://onliner.by', datetime.datetime(2021, 5, 24, 0, 19, 47, 388764), b'\x80\x04\x95\x91\x01\x00\x00\x00\x00\x00\x00}\x94(\x8c\x04html\x94K\x02\x8c\x04head\x94K\x02\x8c\x06script\x94Kj\x8c\x04meta\x94K\x0e\x8c\x05title\x ... (608 characters truncated) ... article\x94K\x1a\x8c\x06footer\x94K\x10\x8c\x04nobr\x94K\x08\x8c\x06select\x94K\x06\x8c\x06option\x94K\xf8\x8c\x02ol\x94K\x02\x8c\x05small\x94K\x0eu.')
2021-05-24 00:19:47,415  - COMMIT
2021-05-24 00:20:06,153  - http://python.org
2021-05-24 00:20:08,970  - SELECT tagcounter_db.site_name, tagcounter_db.url, tagcounter_db.date_time, tagcounter_db.tagcount 
FROM tagcounter_db 
WHERE tagcounter_db.url = ?
2021-05-24 00:20:08,970  - [generated in 0.00054s] ('http://python.org',)
2021-05-24 00:20:08,974  - UPDATE tagcounter_db SET site_name=?, url=?, date_time=?, tagcount=? WHERE tagcounter_db.url = ?
2021-05-24 00:20:08,975  - [generated in 0.00036s] ('python', 'http://python.org', datetime.datetime(2021, 5, 24, 0, 20, 8, 974255), b'\x80\x04\x95\\\x01\x00\x00\x00\x00\x00\x00}\x94(\x8c\x04html\x94K\x02\x8c\x04head\x94K\x02\x8c\x04meta\x94K0\x8c\x04link\x94K \x8c\x06script\x94K\x1 ... (534 characters truncated) ... 94K\x02\x8c\x05table\x94K\x02\x8c\x05tbody\x94K\x02\x8c\x02tr\x94K\x02\x8c\x02td\x94K\x02\x8c\x02em\x94K\x02\x8c\x01b\x94K\n\x8c\x06footer\x94K\x02u.', 'http://python.org')
2021-05-24 00:20:08,994  - COMMIT
2021-05-24 00:20:31,999  - SELECT tagcounter_db.tagcount 
FROM tagcounter_db 
WHERE tagcounter_db.url = ?
2021-05-24 00:20:32,000  - [generated in 0.00070s] ('http://python.org',)
2021-05-24 00:22:14,031  - SELECT tagcounter_db.tagcount 
FROM tagcounter_db 
WHERE tagcounter_db.url = ?
2021-05-24 00:22:14,032  - [generated in 0.00060s] ('http://python.org',)
2021-05-24 00:22:46,621  - SELECT tagcounter_db.tagcount 
FROM tagcounter_db 
WHERE tagcounter_db.url = ?
2021-05-24 00:22:46,622  - [generated in 0.00061s] ('http://python.org',)
