2021-05-26 07:38:57,022  - SELECT tagcounter_db.tagcount 
FROM tagcounter_db 
WHERE tagcounter_db.url = ?
2021-05-26 07:38:57,022  - [generated in 0.00139s] ('http://google.com',)
2021-05-26 07:39:20,257  - http://google.com
2021-05-26 07:39:21,371  - SELECT tagcounter_db.site_name, tagcounter_db.url, tagcounter_db.date_time, tagcounter_db.tagcount 
FROM tagcounter_db 
WHERE tagcounter_db.url = ?
2021-05-26 07:39:21,371  - [generated in 0.00043s] ('http://google.com',)
2021-05-26 07:39:21,375  - INSERT INTO tagcounter_db (site_name, url, date_time, tagcount) VALUES (?, ?, ?, ?)
2021-05-26 07:39:21,398  - [generated in 0.02347s] ('google', 'http://google.com', datetime.datetime(2021, 5, 26, 7, 39, 21, 374265), b'\x80\x04\x95\xb9\x00\x00\x00\x00\x00\x00\x00}\x94(\x8c\x04html\x94K\x02\x8c\x04head\x94K\x02\x8c\x04meta\x94K\x04\x8c\x05title\x94K\x02\x8c\x06scrip ... (185 characters truncated) ... x94K\n\x8c\x03img\x94K\x04\x8c\x04form\x94K\x02\x8c\x05table\x94K\x02\x8c\x02tr\x94K\x02\x8c\x02td\x94K\x06\x8c\x05input\x94K\x14\x8c\x01p\x94K\x02u.')
2021-05-26 07:39:21,400  - COMMIT
2021-05-26 07:39:38,981  - SELECT tagcounter_db.tagcount 
FROM tagcounter_db 
WHERE tagcounter_db.url = ?
2021-05-26 07:39:38,981  - [generated in 0.00045s] ('http://google.com',)
2021-05-26 07:39:57,044  - http://yandex.ru
2021-05-26 07:40:06,191  - SELECT tagcounter_db.tagcount 
FROM tagcounter_db 
WHERE tagcounter_db.url = ?
2021-05-26 07:40:06,192  - [generated in 0.00119s] ('http://google.com',)
2021-05-26 08:28:40,312  - SELECT tagcounter_db.tagcount 
FROM tagcounter_db 
WHERE tagcounter_db.url = ?
2021-05-26 08:28:40,314  - [generated in 0.00135s] ('http://google.com',)
2021-05-26 08:28:50,449  - http://google.com
2021-05-26 08:28:58,497  - http://yandex.ru
2021-05-26 08:29:13,231  - http://mail.ru
2021-05-26 08:29:36,092  - SELECT tagcounter_db.tagcount 
FROM tagcounter_db 
WHERE tagcounter_db.url = ?
2021-05-26 08:29:36,093  - [generated in 0.00132s] ('http://python.org',)
2021-05-26 08:29:51,272  - http://python.org
2021-05-26 08:29:53,967  - SELECT tagcounter_db.site_name, tagcounter_db.url, tagcounter_db.date_time, tagcounter_db.tagcount 
FROM tagcounter_db 
WHERE tagcounter_db.url = ?
2021-05-26 08:29:53,968  - [generated in 0.00044s] ('http://python.org',)
2021-05-26 08:29:53,971  - INSERT INTO tagcounter_db (site_name, url, date_time, tagcount) VALUES (?, ?, ?, ?)
2021-05-26 08:29:53,971  - [generated in 0.00035s] ('python', 'http://python.org', datetime.datetime(2021, 5, 26, 8, 29, 53, 970404), b'\x80\x04\x95\\\x01\x00\x00\x00\x00\x00\x00}\x94(\x8c\x04html\x94K\x02\x8c\x04head\x94K\x02\x8c\x04meta\x94K0\x8c\x04link\x94K \x8c\x06script\x94K\x1 ... (534 characters truncated) ... 94K\x02\x8c\x05table\x94K\x02\x8c\x05tbody\x94K\x02\x8c\x02tr\x94K\x02\x8c\x02td\x94K\x02\x8c\x02em\x94K\x02\x8c\x01b\x94K\n\x8c\x06footer\x94K\x02u.')
2021-05-26 08:29:53,992  - COMMIT
2021-05-26 08:30:06,902  - SELECT tagcounter_db.tagcount 
FROM tagcounter_db 
WHERE tagcounter_db.url = ?
2021-05-26 08:30:06,902  - [generated in 0.00047s] ('http://python.org',)
2021-05-26 08:30:18,775  - SELECT tagcounter_db.tagcount 
FROM tagcounter_db 
WHERE tagcounter_db.url = ?
2021-05-26 08:30:18,775  - [generated in 0.00045s] ('http://python.org',)
2021-05-26 08:30:34,248  - SELECT tagcounter_db.tagcount 
FROM tagcounter_db 
WHERE tagcounter_db.url = ?
2021-05-26 08:30:34,249  - [generated in 0.00143s] ('http://python.org',)
2021-05-26 08:31:16,455  - http://stackoverflow.com
2021-05-26 08:31:39,125  - http://bbc.com
2021-05-26 08:48:34,255  - SELECT tagcounter_db.tagcount 
FROM tagcounter_db 
WHERE tagcounter_db.url = ?
2021-05-26 08:48:34,257  - [generated in 0.00202s] ('http://google.com',)
2021-05-26 08:48:41,365  - http://yandex.ru
2021-05-26 08:49:10,461  - http://yandex.ru
2021-05-26 08:49:12,589  - SELECT tagcounter_db.site_name, tagcounter_db.url, tagcounter_db.date_time, tagcounter_db.tagcount 
FROM tagcounter_db 
WHERE tagcounter_db.url = ?
2021-05-26 08:49:12,589  - [generated in 0.00059s] ('http://yandex.ru',)
2021-05-26 08:49:12,592  - INSERT INTO tagcounter_db (site_name, url, date_time, tagcount) VALUES (?, ?, ?, ?)
2021-05-26 08:49:12,593  - [generated in 0.00049s] ('yandex', 'http://yandex.ru', datetime.datetime(2021, 5, 26, 8, 49, 12, 591528), b'\x80\x04\x95\xfc\x00\x00\x00\x00\x00\x00\x00}\x94(\x8c\x04html\x94K\x02\x8c\x04head\x94K\x02\x8c\x04meta\x94K"\x8c\x05title\x94K\x02\x8c\x04link\x94 ... (333 characters truncated) ... 03nav\x94K\x02\x8c\x04pjtr\x94K\x02\x8c\x04aqwf\x94K\x02\x8c\x04form\x94K\x02\x8c\x05input\x94K\x06\x8c\x06button\x94K\x04\x8c\x08noscript\x94K\x06u.')
2021-05-26 08:49:12,612  - COMMIT
2021-05-26 22:12:05,747  - http://yandex.ru
2021-05-26 22:12:08,930  - SELECT tagcounter_db.site_name, tagcounter_db.url, tagcounter_db.date_time, tagcounter_db.tagcount 
FROM tagcounter_db 
WHERE tagcounter_db.url = ?
2021-05-26 22:12:08,930  - [generated in 0.00043s] ('http://yandex.ru',)
2021-05-26 22:12:08,933  - UPDATE tagcounter_db SET site_name=?, url=?, date_time=?, tagcount=? WHERE tagcounter_db.url = ?
2021-05-26 22:12:08,934  - [generated in 0.00038s] ('yandex', 'http://yandex.ru', datetime.datetime(2021, 5, 26, 22, 12, 8, 933524), b'\x80\x04\x95\r\x01\x00\x00\x00\x00\x00\x00}\x94(\x8c\x04html\x94K\x02\x8c\x04head\x94K\x02\x8c\x04meta\x94K"\x8c\x05title\x94K\x02\x8c\x04link\x94K\ ... (367 characters truncated) ... jtr\x94K\x02\x8c\x07dbgrsae\x94K\x02\x8c\x03fgn\x94K\x02\x8c\x04form\x94K\x02\x8c\x05input\x94K\x06\x8c\x06button\x94K\x04\x8c\x08noscript\x94K\x06u.', 'http://yandex.ru')
2021-05-26 22:12:08,953  - COMMIT
2021-05-26 22:12:27,728  - SELECT tagcounter_db.tagcount 
FROM tagcounter_db 
WHERE tagcounter_db.url = ?
2021-05-26 22:12:27,728  - [generated in 0.00037s] ('http://yandex.ru',)
